<?xml version="1.0" encoding="UTF-8"?>
<!-- Generated by org.testng.reporters.JUnitReportReporter -->
<testsuite hostname="Faris-IYAS-Shaikh" failures="0" tests="8" name="FarisShaikh.DemoWebsiteAutomation.LoginTestSuite" time="52.795" errors="0" timestamp="2023-11-16T02:57:00 IST" skipped="0">
  <testcase classname="FarisShaikh.DemoWebsiteAutomation.LoginTestSuite" name="LoginTestSuiteNonGrouped" time="6.310"/>
  <testcase classname="FarisShaikh.DemoWebsiteAutomation.LoginTestSuite" name="LoginTestSuiteCloseBrowser" time="12.199"/>
  <testcase classname="FarisShaikh.DemoWebsiteAutomation.LoginTestSuite" name="LoginTestSuiteWithWrongCred" time="5.952"/>
  <testcase classname="FarisShaikh.DemoWebsiteAutomation.LoginTestSuite" name="LoginTestSuiteWithOnlyPassword" time="5.437"/>
  <testcase classname="FarisShaikh.DemoWebsiteAutomation.LoginTestSuite" name="LoginTestSuiteWithOnlyUsername" time="7.571"/>
  <testcase classname="FarisShaikh.DemoWebsiteAutomation.LoginTestSuite" name="LoginTestSuiteWithWrongUsername" time="5.075"/>
  <testcase classname="FarisShaikh.DemoWebsiteAutomation.LoginTestSuite" name="LoginTestSuiteWithWrongPassword" time="5.123"/>
  <testcase classname="FarisShaikh.DemoWebsiteAutomation.LoginTestSuite" name="LoginTestSuiteValidCred" time="5.128"/>
</testsuite> <!-- FarisShaikh.DemoWebsiteAutomation.LoginTestSuite -->
